<?xml version="1.0" encoding="UTF-8"?>
<robot generator="Robot 7.2.2 (Python 3.13.3 on win32)" generated="2025-08-03T20:25:50.506870" rpa="false" schemaversion="5">
<suite id="s1" name="App Test" source="C:\Users\0803testrobot\app_test.robot">
<test id="s1-t1" name="Login To Facebook App" line="18">
<kw name="Open Application" owner="AppiumLibrary">
<arg>${REMOTE_URL}</arg>
<arg>platformName=${PLATFORM_NAME}</arg>
<arg>platformVersion=${PLATFORM_VERSION}</arg>
<arg>deviceName=${DEVICE_NAME}</arg>
<arg>automationName=${AUTOMATION_NAME}</arg>
<arg>appPackage=${APP_PACKAGE}</arg>
<arg>appActivity=${APP_ACTIVITY}</arg>
<arg>noReset=${True}</arg>
<doc>Opens a new application to given Appium server.
Capabilities of appium server, Android and iOS,
Please check https://appium.io/docs/en/2.1/cli/args/
| *Option*            | *Man.* | *Description*     |
| remote_url          | Yes    | Appium server url |
| alias               | no     | alias             |
| strict_ssl          | No     | allows you to send commands to an invalid certificate host like a self-signed one. |</doc>
<status status="PASS" start="2025-08-03T20:25:50.627396" elapsed="7.972305"/>
</kw>
<kw name="Sleep" owner="BuiltIn">
<msg time="2025-08-03T20:26:03.600775" level="INFO">Slept 5 seconds.</msg>
<arg>5s</arg>
<doc>Pauses the test executed for the given time.</doc>
<status status="PASS" start="2025-08-03T20:25:58.599993" elapsed="5.000865"/>
</kw>
<kw name="Input Text" owner="AppiumLibrary">
<msg time="2025-08-03T20:26:03.602137" level="INFO">Typing text '12345678' into text field 'accessibility_id=用戶名稱'</msg>
<arg>accessibility_id=用戶名稱</arg>
<arg>${USERNAME}</arg>
<doc>Types the given `text` into text field identified by `locator`.</doc>
<status status="PASS" start="2025-08-03T20:26:03.601261" elapsed="0.543146"/>
</kw>
<kw name="Input Text" owner="AppiumLibrary">
<msg time="2025-08-03T20:26:04.145582" level="INFO">Typing text '87654321' into text field 'accessibility_id=密碼'</msg>
<arg>accessibility_id=密碼</arg>
<arg>${PASSWORD}</arg>
<doc>Types the given `text` into text field identified by `locator`.</doc>
<status status="PASS" start="2025-08-03T20:26:04.144670" elapsed="0.538759"/>
</kw>
<kw name="Sleep" owner="BuiltIn">
<msg time="2025-08-03T20:26:06.684671" level="INFO">Slept 2 seconds.</msg>
<arg>2s</arg>
<doc>Pauses the test executed for the given time.</doc>
<status status="PASS" start="2025-08-03T20:26:04.684245" elapsed="2.000498"/>
</kw>
<kw name="Click Element" owner="AppiumLibrary">
<msg time="2025-08-03T20:26:06.685654" level="INFO">Clicking element 'accessibility_id=登入'.</msg>
<arg>accessibility_id=登入</arg>
<doc>Click element identified by `locator`.</doc>
<status status="PASS" start="2025-08-03T20:26:06.684944" elapsed="0.646810"/>
</kw>
<kw name="Sleep" owner="BuiltIn">
<msg time="2025-08-03T20:26:12.332190" level="INFO">Slept 5 seconds.</msg>
<arg>5s</arg>
<doc>Pauses the test executed for the given time.</doc>
<status status="PASS" start="2025-08-03T20:26:07.331953" elapsed="5.000322"/>
</kw>
<kw name="Close Application" owner="AppiumLibrary">
<doc>Closes the current application and also close webdriver session.</doc>
<status status="PASS" start="2025-08-03T20:26:12.332480" elapsed="0.160744"/>
</kw>
<status status="PASS" start="2025-08-03T20:25:50.626849" elapsed="21.866591"/>
</test>
<status status="PASS" start="2025-08-03T20:25:50.507936" elapsed="21.985909"/>
</suite>
<statistics>
<total>
<stat pass="1" fail="0" skip="0">All Tests</stat>
</total>
<tag>
</tag>
<suite>
<stat name="App Test" id="s1" pass="1" fail="0" skip="0">App Test</stat>
</suite>
</statistics>
<errors>
</errors>
</robot>
