<?xml version="1.0" encoding="UTF-8"?>
<robot generator="Robot 7.2.2 (Python 3.13.3 on win32)" generated="2025-08-03T17:36:54.951108" rpa="false" schemaversion="5">
<suite id="s1" name="Google Search" source="C:\Users\0803testrobot\google_search.robot">
<test id="s1-t1" name="TC001 login success" line="9">
<kw name="Open Browser To Login">
<kw name="Open Browser" owner="SeleniumLibrary">
<msg time="2025-08-03T17:36:55.110717" level="INFO">Opening browser 'chrome' to base url 'https://www.saucedemo.com/'.</msg>
<arg>https://www.saucedemo.com/</arg>
<arg>chrome</arg>
<doc>Opens a new browser instance to the optional ``url``.</doc>
<status status="PASS" start="2025-08-03T17:36:55.110576" elapsed="3.755092"/>
</kw>
<kw name="Maximize Browser Window" owner="SeleniumLibrary">
<doc>Maximizes current browser window.</doc>
<status status="PASS" start="2025-08-03T17:36:58.865852" elapsed="0.023201"/>
</kw>
<status status="PASS" start="2025-08-03T17:36:55.109997" elapsed="3.779166"/>
</kw>
<kw name="Input Information">
<kw name="Input Text" owner="SeleniumLibrary">
<msg time="2025-08-03T17:36:58.889923" level="INFO">Typing text 'standard_user' into text field 'id:user-name'.</msg>
<arg>id:user-name</arg>
<arg>${account}</arg>
<doc>Types the given ``text`` into the text field identified by ``locator``.</doc>
<status status="PASS" start="2025-08-03T17:36:58.889695" elapsed="0.057955"/>
</kw>
<kw name="Input Text" owner="SeleniumLibrary">
<msg time="2025-08-03T17:36:58.947961" level="INFO">Typing text 'secret_sauce' into text field 'id:password'.</msg>
<arg>id:password</arg>
<arg>${password}</arg>
<doc>Types the given ``text`` into the text field identified by ``locator``.</doc>
<status status="PASS" start="2025-08-03T17:36:58.947784" elapsed="0.043458"/>
</kw>
<arg>standard_user</arg>
<arg>secret_sauce</arg>
<status status="PASS" start="2025-08-03T17:36:58.889443" elapsed="0.101909"/>
</kw>
<kw name="Click Login">
<kw name="Click Button" owner="SeleniumLibrary">
<msg time="2025-08-03T17:36:58.991914" level="INFO">Clicking button 'id:login-button'.</msg>
<arg>id:login-button</arg>
<doc>Clicks the button identified by ``locator``.</doc>
<status status="PASS" start="2025-08-03T17:36:58.991807" elapsed="0.057510"/>
</kw>
<status status="PASS" start="2025-08-03T17:36:58.991622" elapsed="0.057778"/>
</kw>
<kw name="Login Title Should Be">
<kw name="Element Text Should Be" owner="SeleniumLibrary">
<msg time="2025-08-03T17:36:59.049923" level="INFO">Verifying element 'class:title' contains exact text 'Products'.</msg>
<arg>class:title</arg>
<arg>${expect_title}</arg>
<doc>Verifies that element ``locator`` contains exact the text ``expected``.</doc>
<status status="PASS" start="2025-08-03T17:36:59.049788" elapsed="0.012794"/>
</kw>
<arg>Products</arg>
<status status="PASS" start="2025-08-03T17:36:59.049586" elapsed="0.013079"/>
</kw>
<kw name="Close Browser" owner="SeleniumLibrary" type="TEARDOWN">
<doc>Closes the current browser.</doc>
<status status="PASS" start="2025-08-03T17:36:59.062874" elapsed="2.084760"/>
</kw>
<status status="PASS" start="2025-08-03T17:36:55.109427" elapsed="6.038385"/>
</test>
<test id="s1-t2" name="TC002 empty account" line="16">
<kw name="Open Browser To Login">
<kw name="Open Browser" owner="SeleniumLibrary">
<msg time="2025-08-03T17:37:01.148749" level="INFO">Opening browser 'chrome' to base url 'https://www.saucedemo.com/'.</msg>
<arg>https://www.saucedemo.com/</arg>
<arg>chrome</arg>
<doc>Opens a new browser instance to the optional ``url``.</doc>
<status status="PASS" start="2025-08-03T17:37:01.148646" elapsed="1.548541"/>
</kw>
<kw name="Maximize Browser Window" owner="SeleniumLibrary">
<doc>Maximizes current browser window.</doc>
<status status="PASS" start="2025-08-03T17:37:02.697403" elapsed="0.354545"/>
</kw>
<status status="PASS" start="2025-08-03T17:37:01.148485" elapsed="1.903546"/>
</kw>
<kw name="Input Information">
<kw name="Input Text" owner="SeleniumLibrary">
<msg time="2025-08-03T17:37:03.052956" level="INFO">Typing text '' into text field 'id:user-name'.</msg>
<arg>id:user-name</arg>
<arg>${account}</arg>
<doc>Types the given ``text`` into the text field identified by ``locator``.</doc>
<status status="PASS" start="2025-08-03T17:37:03.052713" elapsed="0.064943"/>
</kw>
<kw name="Input Text" owner="SeleniumLibrary">
<msg time="2025-08-03T17:37:03.117973" level="INFO">Typing text 'secret_sauce' into text field 'id:password'.</msg>
<arg>id:password</arg>
<arg>${password}</arg>
<doc>Types the given ``text`` into the text field identified by ``locator``.</doc>
<status status="PASS" start="2025-08-03T17:37:03.117805" elapsed="0.045762"/>
</kw>
<arg>${EMPTY}</arg>
<arg>secret_sauce</arg>
<status status="PASS" start="2025-08-03T17:37:03.052281" elapsed="0.111397"/>
</kw>
<kw name="Click Login">
<kw name="Click Button" owner="SeleniumLibrary">
<msg time="2025-08-03T17:37:03.164210" level="INFO">Clicking button 'id:login-button'.</msg>
<arg>id:login-button</arg>
<doc>Clicks the button identified by ``locator``.</doc>
<status status="PASS" start="2025-08-03T17:37:03.164104" elapsed="0.040600"/>
</kw>
<status status="PASS" start="2025-08-03T17:37:03.163916" elapsed="0.040901"/>
</kw>
<kw name="Error Message Should Be">
<kw name="Element Text Should Be" owner="SeleniumLibrary">
<msg time="2025-08-03T17:37:03.205523" level="INFO">Verifying element 'css:[data-test="error"]' contains exact text 'Epic sadface: Username is required'.</msg>
<arg>css:[data-test="error"]</arg>
<arg>${expect_message}</arg>
<doc>Verifies that element ``locator`` contains exact the text ``expected``.</doc>
<status status="PASS" start="2025-08-03T17:37:03.205314" elapsed="0.012787"/>
</kw>
<arg>Epic sadface: Username is required</arg>
<status status="PASS" start="2025-08-03T17:37:03.205052" elapsed="0.013132"/>
</kw>
<kw name="Close Browser" owner="SeleniumLibrary" type="TEARDOWN">
<doc>Closes the current browser.</doc>
<status status="PASS" start="2025-08-03T17:37:03.218394" elapsed="2.081152"/>
</kw>
<status status="PASS" start="2025-08-03T17:37:01.148252" elapsed="4.151466"/>
</test>
<status status="PASS" start="2025-08-03T17:36:54.952113" elapsed="10.348149"/>
</suite>
<statistics>
<total>
<stat pass="2" fail="0" skip="0">All Tests</stat>
</total>
<tag>
</tag>
<suite>
<stat name="Google Search" id="s1" pass="2" fail="0" skip="0">Google Search</stat>
</suite>
</statistics>
<errors>
</errors>
</robot>
